Using pre-set license
Built from '2020.3/staging' branch; Version is '2020.3.9f1 (108be757e447) revision 1084391'; Using compiler version '192528614'; Build Type 'Release'
OS: 'Windows 10 Home; OS build 19043.1165; Version 2009; 64bit' Language: 'en' Physical Memory: 16333 MB
BatchMode: 1, IsHumanControllingUs: 0, StartBugReporterOnCrash: 0, Is64bit: 1, IsPro: 0

 COMMAND LINE ARGUMENTS:
C:\Program Files\Unity\Hub\Editor\2020.3.9f1\Editor\Unity.exe
-adb2
-batchMode
-noUpm
-name
AssetImportWorker0
-projectPath
C:/Users/Eric/Documents/KillYourFriends/KillYourFriends
-logFile
Logs/AssetImportWorker0.log
-srvPort
55446
Successfully changed project path to: C:/Users/Eric/Documents/KillYourFriends/KillYourFriends
C:/Users/Eric/Documents/KillYourFriends/KillYourFriends
Using Asset Import Pipeline V2.
Refreshing native plugins compatible for Editor in 160.46 ms, found 0 plugins.
Preloading 0 native plugins for Editor in 0.00 ms.
Initialize engine version: 2020.3.9f1 (108be757e447)
[Subsystems] Discovering subsystems at path C:/Program Files/Unity/Hub/Editor/2020.3.9f1/Editor/Data/Resources/UnitySubsystems
[Subsystems] Discovering subsystems at path C:/Users/Eric/Documents/KillYourFriends/KillYourFriends/Assets
GfxDevice: creating device client; threaded=0
Direct3D:
    Version:  Direct3D 11.0 [level 11.1]
    Renderer: NVIDIA GeForce GTX 1660 SUPER (ID=0x21c4)
    Vendor:   
    VRAM:     5991 MB
    Driver:   30.0.14.7196
Initialize mono
Mono path[0] = 'C:/Program Files/Unity/Hub/Editor/2020.3.9f1/Editor/Data/Managed'
Mono path[1] = 'C:/Program Files/Unity/Hub/Editor/2020.3.9f1/Editor/Data/MonoBleedingEdge/lib/mono/unityjit'
Mono config path = 'C:/Program Files/Unity/Hub/Editor/2020.3.9f1/Editor/Data/MonoBleedingEdge/etc'
Using monoOptions --debugger-agent=transport=dt_socket,embedding=1,server=y,suspend=n,address=127.0.0.1:56240
Begin MonoManager ReloadAssembly
Registering precompiled unity dll's ...
Register platform support module: C:/Program Files/Unity/Hub/Editor/2020.3.9f1/Editor/Data/PlaybackEngines/WebGLSupport/UnityEditor.WebGL.Extensions.dll
Register platform support module: C:/Program Files/Unity/Hub/Editor/2020.3.9f1/Editor/Data/PlaybackEngines/WindowsStandaloneSupport/UnityEditor.WindowsStandalone.Extensions.dll
Registered in 0.004673 seconds.
Native extension for WindowsStandalone target not found
Native extension for WebGL target not found
Refreshing native plugins compatible for Editor in 31.45 ms, found 0 plugins.
Preloading 0 native plugins for Editor in 0.00 ms.
Mono: successfully reloaded assembly
- Completed reload, in  3.139 seconds
Platform modules already initialized, skipping
Registering precompiled user dll's ...
Registered in 0.003819 seconds.
Begin MonoManager ReloadAssembly
Native extension for WindowsStandalone target not found
Native extension for WebGL target not found
Refreshing native plugins compatible for Editor in 0.37 ms, found 0 plugins.
Preloading 0 native plugins for Editor in 0.00 ms.
Mono: successfully reloaded assembly
- Completed reload, in  1.017 seconds
Platform modules already initialized, skipping
========================================================================
Worker process is ready to serve import requests
Launched and connected shader compiler UnityShaderCompiler.exe after 0.09 seconds
Refreshing native plugins compatible for Editor in 0.46 ms, found 0 plugins.
Preloading 0 native plugins for Editor in 0.00 ms.
Unloading 1422 Unused Serialized files (Serialized files now loaded: 0)
System memory in use before: 66.5 MB.
System memory in use after: 66.5 MB.

Unloading 15 unused Assets to reduce memory usage. Loaded Objects now: 1860.
Total: 4.106200 ms (FindLiveObjects: 0.230000 ms CreateObjectMapping: 0.054900 ms MarkObjects: 3.712600 ms  DeleteObjects: 0.107000 ms)

========================================================================
Received Import Request.
  path: Assets/Prefabs/RTSCamera.prefab
  artifactKey: Guid(c16e6e5193a2d264098b3e648aab4439) Importer(815301076,1909f56bfc062723c751e8b465ee728b)
Start importing Assets/Prefabs/RTSCamera.prefab using Guid(c16e6e5193a2d264098b3e648aab4439) Importer(815301076,1909f56bfc062723c751e8b465ee728b)  -> (artifact id: '0e0bc93301ac4dad5e78fc94055dcad0') in 0.141928 seconds
  Import took 0.144798 seconds .

========================================================================
Received Import Request.
  Time since last request: 0.000199 seconds.
  path: Assets/Prefabs/TestUnit.prefab
  artifactKey: Guid(954441ec7021dd34293a920d993c1199) Importer(815301076,1909f56bfc062723c751e8b465ee728b)
Start importing Assets/Prefabs/TestUnit.prefab using Guid(954441ec7021dd34293a920d993c1199) Importer(815301076,1909f56bfc062723c751e8b465ee728b)  -> (artifact id: '08ca20cfc5a23595f2b10e32174f69d9') in 0.073179 seconds
  Import took 0.075809 seconds .

========================================================================
Received Import Request.
  Time since last request: 30.797543 seconds.
  path: Assets/Prefabs/TestUnit.prefab
  artifactKey: Guid(954441ec7021dd34293a920d993c1199) Importer(815301076,1909f56bfc062723c751e8b465ee728b)
Start importing Assets/Prefabs/TestUnit.prefab using Guid(954441ec7021dd34293a920d993c1199) Importer(815301076,1909f56bfc062723c751e8b465ee728b)  -> (artifact id: '6b9a263d617c1a9f12b0d1d9da9efc39') in 0.143437 seconds
  Import took 0.147938 seconds .

========================================================================
Received Import Request.
  Time since last request: 3.056990 seconds.
  path: Assets/Prefabs/TestUnit.prefab
  artifactKey: Guid(954441ec7021dd34293a920d993c1199) Importer(815301076,1909f56bfc062723c751e8b465ee728b)
Start importing Assets/Prefabs/TestUnit.prefab using Guid(954441ec7021dd34293a920d993c1199) Importer(815301076,1909f56bfc062723c751e8b465ee728b)  -> (artifact id: 'a13a8a269022d9f9463b6d81ebcc22f1') in 0.010812 seconds
  Import took 0.013630 seconds .

========================================================================
Received Import Request.
  Time since last request: 5.979236 seconds.
  path: Assets/Prefabs/TestUnit.prefab
  artifactKey: Guid(954441ec7021dd34293a920d993c1199) Importer(815301076,1909f56bfc062723c751e8b465ee728b)
Start importing Assets/Prefabs/TestUnit.prefab using Guid(954441ec7021dd34293a920d993c1199) Importer(815301076,1909f56bfc062723c751e8b465ee728b)  -> (artifact id: '5f6473ac78b942c5b153c0a1a3db40c8') in 0.010318 seconds
  Import took 0.013155 seconds .

========================================================================
Received Import Request.
  Time since last request: 2.790773 seconds.
  path: Assets/Prefabs/TestUnit.prefab
  artifactKey: Guid(954441ec7021dd34293a920d993c1199) Importer(815301076,1909f56bfc062723c751e8b465ee728b)
Start importing Assets/Prefabs/TestUnit.prefab using Guid(954441ec7021dd34293a920d993c1199) Importer(815301076,1909f56bfc062723c751e8b465ee728b)  -> (artifact id: '46927d6aee4d07dc2ee46f6ba5e62cce') in 0.011428 seconds
  Import took 0.013962 seconds .

========================================================================
Received Import Request.
  Time since last request: 167.007730 seconds.
  path: Assets/Prefabs/TestUnit.prefab
  artifactKey: Guid(954441ec7021dd34293a920d993c1199) Importer(815301076,1909f56bfc062723c751e8b465ee728b)
Start importing Assets/Prefabs/TestUnit.prefab using Guid(954441ec7021dd34293a920d993c1199) Importer(815301076,1909f56bfc062723c751e8b465ee728b)  -> (artifact id: 'b031212612886f45ac707b59de5ee519') in 0.012311 seconds
  Import took 0.015032 seconds .

========================================================================
Received Import Request.
  Time since last request: 0.002987 seconds.
  path: Assets/Prefabs/TestUnit.prefab
  artifactKey: Guid(954441ec7021dd34293a920d993c1199) Importer(815301076,1909f56bfc062723c751e8b465ee728b)
Start importing Assets/Prefabs/TestUnit.prefab using Guid(954441ec7021dd34293a920d993c1199) Importer(815301076,1909f56bfc062723c751e8b465ee728b)  -> (artifact id: 'b031212612886f45ac707b59de5ee519') in 0.009325 seconds
  Import took 0.012607 seconds .

========================================================================
Received Import Request.
  Time since last request: 206.001971 seconds.
  path: Assets/Prefabs/TestBuilding.prefab
  artifactKey: Guid(3f1a301f8b57cae478788214542ed86b) Importer(815301076,1909f56bfc062723c751e8b465ee728b)
Start importing Assets/Prefabs/TestBuilding.prefab using Guid(3f1a301f8b57cae478788214542ed86b) Importer(815301076,1909f56bfc062723c751e8b465ee728b)  -> (artifact id: '616667476640911a4d588eaac533049b') in 0.010357 seconds
  Import took 0.013075 seconds .

========================================================================
Received Import Request.
  Time since last request: 0.004095 seconds.
  path: Assets/Prefabs/TestBuilding.prefab
  artifactKey: Guid(3f1a301f8b57cae478788214542ed86b) Importer(815301076,1909f56bfc062723c751e8b465ee728b)
Start importing Assets/Prefabs/TestBuilding.prefab using Guid(3f1a301f8b57cae478788214542ed86b) Importer(815301076,1909f56bfc062723c751e8b465ee728b)  -> (artifact id: '616667476640911a4d588eaac533049b') in 0.010220 seconds
  Import took 0.013732 seconds .

========================================================================
Received Prepare
Registering precompiled user dll's ...
Registered in 0.003423 seconds.
Begin MonoManager ReloadAssembly
Native extension for WindowsStandalone target not found
Native extension for WebGL target not found
Refreshing native plugins compatible for Editor in 0.29 ms, found 0 plugins.
Preloading 0 native plugins for Editor in 0.00 ms.
Mono: successfully reloaded assembly
- Completed reload, in  1.040 seconds
Platform modules already initialized, skipping
Refreshing native plugins compatible for Editor in 0.30 ms, found 0 plugins.
Preloading 0 native plugins for Editor in 0.00 ms.
Unloading 1417 Unused Serialized files (Serialized files now loaded: 0)
System memory in use before: 69.5 MB.
System memory in use after: 69.6 MB.

Unloading 10 unused Assets to reduce memory usage. Loaded Objects now: 1871.
Total: 1.760600 ms (FindLiveObjects: 0.147800 ms CreateObjectMapping: 0.035800 ms MarkObjects: 1.520800 ms  DeleteObjects: 0.055100 ms)

========================================================================
Received Import Request.
  Time since last request: 441.189424 seconds.
  path: Assets/Prefabs/RTSCamera.prefab
  artifactKey: Guid(c16e6e5193a2d264098b3e648aab4439) Importer(815301076,1909f56bfc062723c751e8b465ee728b)
Start importing Assets/Prefabs/RTSCamera.prefab using Guid(c16e6e5193a2d264098b3e648aab4439) Importer(815301076,1909f56bfc062723c751e8b465ee728b)  -> (artifact id: '5c65c32fb8e832ba8cf05931d9ae850e') in 0.031105 seconds
  Import took 0.033470 seconds .

========================================================================
Received Import Request.
  Time since last request: 10.816583 seconds.
  path: Assets/Prefabs/RTSCamera.prefab
  artifactKey: Guid(c16e6e5193a2d264098b3e648aab4439) Importer(815301076,1909f56bfc062723c751e8b465ee728b)
Start importing Assets/Prefabs/RTSCamera.prefab using Guid(c16e6e5193a2d264098b3e648aab4439) Importer(815301076,1909f56bfc062723c751e8b465ee728b)  -> (artifact id: 'ab354953136060e382da703d8e5718c7') in 0.004847 seconds
  Import took 0.007345 seconds .

========================================================================
Received Import Request.
  Time since last request: 0.018786 seconds.
  path: Assets/Prefabs/RTSCamera.prefab
  artifactKey: Guid(c16e6e5193a2d264098b3e648aab4439) Importer(815301076,1909f56bfc062723c751e8b465ee728b)
Start importing Assets/Prefabs/RTSCamera.prefab using Guid(c16e6e5193a2d264098b3e648aab4439) Importer(815301076,1909f56bfc062723c751e8b465ee728b)  -> (artifact id: 'ab354953136060e382da703d8e5718c7') in 0.005678 seconds
  Import took 0.008569 seconds .

========================================================================
Received Import Request.
  Time since last request: 32.482801 seconds.
  path: Assets/Prefabs/TestBuilding.prefab
  artifactKey: Guid(3f1a301f8b57cae478788214542ed86b) Importer(815301076,1909f56bfc062723c751e8b465ee728b)
Start importing Assets/Prefabs/TestBuilding.prefab using Guid(3f1a301f8b57cae478788214542ed86b) Importer(815301076,1909f56bfc062723c751e8b465ee728b)  -> (artifact id: '45a1ec3321406d1da9472857985e4e21') in 0.173737 seconds
  Import took 0.176733 seconds .

========================================================================
Received Import Request.
  Time since last request: 28.251149 seconds.
  path: Assets/Prefabs/TestUnit.prefab
  artifactKey: Guid(954441ec7021dd34293a920d993c1199) Importer(815301076,1909f56bfc062723c751e8b465ee728b)
Start importing Assets/Prefabs/TestUnit.prefab using Guid(954441ec7021dd34293a920d993c1199) Importer(815301076,1909f56bfc062723c751e8b465ee728b)  -> (artifact id: '7b4f55a457c2c56b9aaae8f90c4df9af') in 0.010776 seconds
  Import took 0.013621 seconds .

========================================================================
Received Import Request.
  Time since last request: 11.284295 seconds.
  path: Assets/Prefabs/TestUnit.prefab
  artifactKey: Guid(954441ec7021dd34293a920d993c1199) Importer(815301076,1909f56bfc062723c751e8b465ee728b)
Start importing Assets/Prefabs/TestUnit.prefab using Guid(954441ec7021dd34293a920d993c1199) Importer(815301076,1909f56bfc062723c751e8b465ee728b)  -> (artifact id: '256f5e433be2aba681a507e1606401f8') in 0.010983 seconds
  Import took 0.013742 seconds .

========================================================================
Received Import Request.
  Time since last request: 3.606793 seconds.
  path: Assets/Prefabs/TestUnit.prefab
  artifactKey: Guid(954441ec7021dd34293a920d993c1199) Importer(815301076,1909f56bfc062723c751e8b465ee728b)
Start importing Assets/Prefabs/TestUnit.prefab using Guid(954441ec7021dd34293a920d993c1199) Importer(815301076,1909f56bfc062723c751e8b465ee728b)  -> (artifact id: '8b7ebe0b9c60929681457bff49358b43') in 0.009471 seconds
  Import took 0.011936 seconds .

========================================================================
Received Import Request.
  Time since last request: 2.982353 seconds.
  path: Assets/Mirror/Examples/RigidbodyPhysics/Materials/Blue.mat
  artifactKey: Guid(84335f003ad8f42408d13787e76d4f94) Importer(815301076,1909f56bfc062723c751e8b465ee728b)
Start importing Assets/Mirror/Examples/RigidbodyPhysics/Materials/Blue.mat using Guid(84335f003ad8f42408d13787e76d4f94) Importer(815301076,1909f56bfc062723c751e8b465ee728b)  -> (artifact id: '0b8a183a924d6ca5bcf1aa63bb40aa2d') in 0.028559 seconds
  Import took 0.031017 seconds .

========================================================================
Received Import Request.
  Time since last request: 0.000206 seconds.
  path: Assets/Mirror/Examples/Tanks/Textures/(Public Domain) Dirt Hand Painted Texture/Dirt.mat
  artifactKey: Guid(29b49c27a74f145918356859bd7af511) Importer(815301076,1909f56bfc062723c751e8b465ee728b)
Start importing Assets/Mirror/Examples/Tanks/Textures/(Public Domain) Dirt Hand Painted Texture/Dirt.mat using Guid(29b49c27a74f145918356859bd7af511) Importer(815301076,1909f56bfc062723c751e8b465ee728b)  -> (artifact id: 'dd98bc1af56e2358ea7725c669dea1b9') in 0.011532 seconds
  Import took 0.013971 seconds .

========================================================================
Received Import Request.
  Time since last request: 0.000195 seconds.
  path: Assets/Mirror/Examples/MultipleAdditiveScenes/Materials/Render/PlayArea.mat
  artifactKey: Guid(42fe0bcfbb65da3429ae2c289686e024) Importer(815301076,1909f56bfc062723c751e8b465ee728b)
Start importing Assets/Mirror/Examples/MultipleAdditiveScenes/Materials/Render/PlayArea.mat using Guid(42fe0bcfbb65da3429ae2c289686e024) Importer(815301076,1909f56bfc062723c751e8b465ee728b)  -> (artifact id: '59695de7d353a71aa312d96d80ae58a1') in 0.206768 seconds
  Import took 0.208976 seconds .

========================================================================
Received Import Request.
  Time since last request: 0.000168 seconds.
  path: Assets/Mirror/Examples/RigidbodyPhysics/Materials/Green.mat
  artifactKey: Guid(bbe2c7293af197640a2b40018e79b9a6) Importer(815301076,1909f56bfc062723c751e8b465ee728b)
Start importing Assets/Mirror/Examples/RigidbodyPhysics/Materials/Green.mat using Guid(bbe2c7293af197640a2b40018e79b9a6) Importer(815301076,1909f56bfc062723c751e8b465ee728b)  -> (artifact id: 'dfc055bfa932115e3a82a2fb6126aebc') in 0.010200 seconds
  Import took 0.012490 seconds .

========================================================================
Received Import Request.
  Time since last request: 0.000226 seconds.
  path: Assets/Mirror/Examples/MultipleAdditiveScenes/Models/Icosphere/Icosphere.obj
  artifactKey: Guid(1fe56a0e685b8434ebfeb53c69b59a5e) Importer(815301076,1909f56bfc062723c751e8b465ee728b)
Start importing Assets/Mirror/Examples/MultipleAdditiveScenes/Models/Icosphere/Icosphere.obj using Guid(1fe56a0e685b8434ebfeb53c69b59a5e) Importer(815301076,1909f56bfc062723c751e8b465ee728b)  -> (artifact id: '5f6665cdc7ccaaa2f159317021b708f3') in 0.297490 seconds
  Import took 0.300021 seconds .

========================================================================
Received Import Request.
  Time since last request: 0.000171 seconds.
  path: Assets/Mirror/Examples/AdditiveScenes/Materials/Player.mat
  artifactKey: Guid(792117fe9a386a8489e8010bec746339) Importer(815301076,1909f56bfc062723c751e8b465ee728b)
Start importing Assets/Mirror/Examples/AdditiveScenes/Materials/Player.mat using Guid(792117fe9a386a8489e8010bec746339) Importer(815301076,1909f56bfc062723c751e8b465ee728b)  -> (artifact id: '15de4eb410aa3836c93b75866aef4377') in 0.115445 seconds
  Import took 0.117633 seconds .

========================================================================
Received Import Request.
  Time since last request: 0.000172 seconds.
  path: Assets/Mirror/Examples/Room/Materials/Player.mat
  artifactKey: Guid(ac64a68d9ea8fa9459ff2f158065c1d0) Importer(815301076,1909f56bfc062723c751e8b465ee728b)
Start importing Assets/Mirror/Examples/Room/Materials/Player.mat using Guid(ac64a68d9ea8fa9459ff2f158065c1d0) Importer(815301076,1909f56bfc062723c751e8b465ee728b)  -> (artifact id: 'ca35dd7562465496571544d43c631eb0') in 0.007832 seconds
  Import took 0.010000 seconds .

========================================================================
Received Import Request.
  Time since last request: 0.000194 seconds.
  path: Assets/Mirror/Examples/AdditiveScenes/Materials/Quad.mat
  artifactKey: Guid(6eb3f3ba66756364d8b94e662e7e8af5) Importer(815301076,1909f56bfc062723c751e8b465ee728b)
Start importing Assets/Mirror/Examples/AdditiveScenes/Materials/Quad.mat using Guid(6eb3f3ba66756364d8b94e662e7e8af5) Importer(815301076,1909f56bfc062723c751e8b465ee728b)  -> (artifact id: 'aac2d4001c7f5558a6beb680d24a7b98') in 0.009001 seconds
  Import took 0.011495 seconds .

========================================================================
Received Import Request.
  Time since last request: 0.000200 seconds.
  path: Assets/Mirror/Examples/MultipleAdditiveScenes/Models/Icosphere/Materials/Icosphere.mat
  artifactKey: Guid(7e6bf26596c6f564097734c7cc319e15) Importer(815301076,1909f56bfc062723c751e8b465ee728b)
Start importing Assets/Mirror/Examples/MultipleAdditiveScenes/Models/Icosphere/Materials/Icosphere.mat using Guid(7e6bf26596c6f564097734c7cc319e15) Importer(815301076,1909f56bfc062723c751e8b465ee728b)  -> (artifact id: '4cc24e78a1882f49848223a30cb87abc') in 0.008869 seconds
  Import took 0.011247 seconds .

========================================================================
Received Import Request.
  Time since last request: 0.000200 seconds.
  path: Assets/Mirror/Examples/Room/Materials/PlayArea.mat
  artifactKey: Guid(3201636fa507dad448e9a36d66a80825) Importer(815301076,1909f56bfc062723c751e8b465ee728b)
Start importing Assets/Mirror/Examples/Room/Materials/PlayArea.mat using Guid(3201636fa507dad448e9a36d66a80825) Importer(815301076,1909f56bfc062723c751e8b465ee728b)  -> (artifact id: '375c01408089dfb85ff67df31f0d532a') in 0.009643 seconds
  Import took 0.012107 seconds .

========================================================================
Received Import Request.
  Time since last request: 0.000209 seconds.
  path: Assets/Mirror/Examples/MultipleAdditiveScenes/Materials/Render/Prize.mat
  artifactKey: Guid(2becd2014627a774e9e8f668f281f1d2) Importer(815301076,1909f56bfc062723c751e8b465ee728b)
Start importing Assets/Mirror/Examples/MultipleAdditiveScenes/Materials/Render/Prize.mat using Guid(2becd2014627a774e9e8f668f281f1d2) Importer(815301076,1909f56bfc062723c751e8b465ee728b)  -> (artifact id: '8834c0e83bc1497a899ac1283358c8c6') in 0.008195 seconds
  Import took 0.010472 seconds .

========================================================================
Received Import Request.
  Time since last request: 0.000193 seconds.
  path: Assets/Mirror/Examples/Benchmark/Materials/White.mat
  artifactKey: Guid(ff8f106e5c9e34da28ad9cee6edb2255) Importer(815301076,1909f56bfc062723c751e8b465ee728b)
Start importing Assets/Mirror/Examples/Benchmark/Materials/White.mat using Guid(ff8f106e5c9e34da28ad9cee6edb2255) Importer(815301076,1909f56bfc062723c751e8b465ee728b)  -> (artifact id: '37e37ebb426d53508d4db060359c52d4') in 0.206688 seconds
  Import took 0.209047 seconds .

========================================================================
Received Import Request.
  Time since last request: 0.000223 seconds.
  path: Assets/Mirror/Examples/AdditiveScenes/Materials/Cylinder.mat
  artifactKey: Guid(439a10ee8f8d14040be9003239449741) Importer(815301076,1909f56bfc062723c751e8b465ee728b)
Start importing Assets/Mirror/Examples/AdditiveScenes/Materials/Cylinder.mat using Guid(439a10ee8f8d14040be9003239449741) Importer(815301076,1909f56bfc062723c751e8b465ee728b)  -> (artifact id: '6efc6ca228bbbf42273e26d54b597fc6') in 0.008868 seconds
  Import took 0.011505 seconds .

========================================================================
Received Import Request.
  Time since last request: 0.000222 seconds.
  path: Assets/Mirror/Examples/AdditiveScenes/Materials/Capsule.mat
  artifactKey: Guid(3ec90781e3720544da7fc86055e6cbe6) Importer(815301076,1909f56bfc062723c751e8b465ee728b)
Start importing Assets/Mirror/Examples/AdditiveScenes/Materials/Capsule.mat using Guid(3ec90781e3720544da7fc86055e6cbe6) Importer(815301076,1909f56bfc062723c751e8b465ee728b)  -> (artifact id: 'b12bc70a63d817b8dbca428c0726f0b0') in 0.010622 seconds
  Import took 0.013043 seconds .

========================================================================
Received Import Request.
  Time since last request: 0.000201 seconds.
  path: Assets/Mirror/Examples/Room/Materials/Prize.mat
  artifactKey: Guid(a1d7c9f39b41d414d86e64f7761cd545) Importer(815301076,1909f56bfc062723c751e8b465ee728b)
Start importing Assets/Mirror/Examples/Room/Materials/Prize.mat using Guid(a1d7c9f39b41d414d86e64f7761cd545) Importer(815301076,1909f56bfc062723c751e8b465ee728b)  -> (artifact id: '2451c57d35718b698a916bb60e242051') in 0.008533 seconds
  Import took 0.010945 seconds .

========================================================================
Received Import Request.
  Time since last request: 0.000207 seconds.
  path: Assets/Mirror/Examples/AdditiveScenes/Materials/Zone.mat
  artifactKey: Guid(a7c679cf124f7ae46a0291ea35848554) Importer(815301076,1909f56bfc062723c751e8b465ee728b)
Start importing Assets/Mirror/Examples/AdditiveScenes/Materials/Zone.mat using Guid(a7c679cf124f7ae46a0291ea35848554) Importer(815301076,1909f56bfc062723c751e8b465ee728b)  -> (artifact id: '5b73a28ef01685150f2d3b60192d5b12') in 0.293873 seconds
  Import took 0.296187 seconds .

========================================================================
Received Import Request.
  Time since last request: 0.000214 seconds.
  path: Assets/Mirror/Examples/Benchmark/Materials/Red.mat
  artifactKey: Guid(451c5da2c5056496297cffba02216286) Importer(815301076,1909f56bfc062723c751e8b465ee728b)
Start importing Assets/Mirror/Examples/Benchmark/Materials/Red.mat using Guid(451c5da2c5056496297cffba02216286) Importer(815301076,1909f56bfc062723c751e8b465ee728b)  -> (artifact id: '8b377f851cb4b7fd1b2dab106add453e') in 0.009452 seconds
  Import took 0.011865 seconds .

========================================================================
Received Import Request.
  Time since last request: 0.000180 seconds.
  path: Assets/Mirror/Examples/AdditiveScenes/Materials/Cube.mat
  artifactKey: Guid(1d5f3015968dad04780bf9d2113cc772) Importer(815301076,1909f56bfc062723c751e8b465ee728b)
Start importing Assets/Mirror/Examples/AdditiveScenes/Materials/Cube.mat using Guid(1d5f3015968dad04780bf9d2113cc772) Importer(815301076,1909f56bfc062723c751e8b465ee728b)  -> (artifact id: '3ae20c0eca5bb329e2013b99141e0af0') in 0.009158 seconds
  Import took 0.011427 seconds .

========================================================================
Received Import Request.
  Time since last request: 0.000237 seconds.
  path: Assets/Mirror/Examples/AdditiveScenes/Materials/Shelter.mat
  artifactKey: Guid(aef230244d219314fb8453f0365b8176) Importer(815301076,1909f56bfc062723c751e8b465ee728b)
Start importing Assets/Mirror/Examples/AdditiveScenes/Materials/Shelter.mat using Guid(aef230244d219314fb8453f0365b8176) Importer(815301076,1909f56bfc062723c751e8b465ee728b)  -> (artifact id: '039603c5b431997819de21ae269fa13c') in 0.011207 seconds
  Import took 0.013660 seconds .

========================================================================
Received Import Request.
  Time since last request: 0.000228 seconds.
  path: Assets/Mirror/Examples/AdditiveScenes/Materials/Sphere.mat
  artifactKey: Guid(58936713efca1ec488624ee297b5d687) Importer(815301076,1909f56bfc062723c751e8b465ee728b)
Start importing Assets/Mirror/Examples/AdditiveScenes/Materials/Sphere.mat using Guid(58936713efca1ec488624ee297b5d687) Importer(815301076,1909f56bfc062723c751e8b465ee728b)  -> (artifact id: '3ba6919fa5350cb77171413b18e87d62') in 0.009938 seconds
  Import took 0.012477 seconds .

========================================================================
Received Import Request.
  Time since last request: 0.000238 seconds.
  path: Assets/Mirror/Examples/RigidbodyPhysics/Materials/Red.mat
  artifactKey: Guid(6ec777c59ba249a4aa16956e9dd9a0ee) Importer(815301076,1909f56bfc062723c751e8b465ee728b)
Start importing Assets/Mirror/Examples/RigidbodyPhysics/Materials/Red.mat using Guid(6ec777c59ba249a4aa16956e9dd9a0ee) Importer(815301076,1909f56bfc062723c751e8b465ee728b)  -> (artifact id: '98e9c2427772ab265b45b0e69559e74c') in 0.009177 seconds
  Import took 0.011689 seconds .

========================================================================
Received Import Request.
  Time since last request: 0.000163 seconds.
  path: Assets/Mirror/Examples/MultipleAdditiveScenes/Materials/Render/Player.mat
  artifactKey: Guid(2089070a3452e6f4d866c53e51aae8f2) Importer(815301076,1909f56bfc062723c751e8b465ee728b)
Start importing Assets/Mirror/Examples/MultipleAdditiveScenes/Materials/Render/Player.mat using Guid(2089070a3452e6f4d866c53e51aae8f2) Importer(815301076,1909f56bfc062723c751e8b465ee728b)  -> (artifact id: 'fc4359b2b62612a6283eb4d905de4f3e') in 0.008746 seconds
  Import took 0.011120 seconds .

========================================================================
Received Import Request.
  Time since last request: 0.000217 seconds.
  path: Assets/Mirror/Examples/RigidbodyPhysics/Materials/Blue.mat
  artifactKey: Guid(84335f003ad8f42408d13787e76d4f94) Importer(815301076,1909f56bfc062723c751e8b465ee728b)
Start importing Assets/Mirror/Examples/RigidbodyPhysics/Materials/Blue.mat using Guid(84335f003ad8f42408d13787e76d4f94) Importer(815301076,1909f56bfc062723c751e8b465ee728b)  -> (artifact id: '0b8a183a924d6ca5bcf1aa63bb40aa2d') in 0.009099 seconds
  Import took 0.011574 seconds .

========================================================================
Received Import Request.
  Time since last request: 0.000295 seconds.
  path: Assets/Mirror/Examples/Tanks/Textures/ProjectileMaterial.mat
  artifactKey: Guid(cba1b63a0bccc4b12ac25f05d0ae2dd1) Importer(815301076,1909f56bfc062723c751e8b465ee728b)
Start importing Assets/Mirror/Examples/Tanks/Textures/ProjectileMaterial.mat using Guid(cba1b63a0bccc4b12ac25f05d0ae2dd1) Importer(815301076,1909f56bfc062723c751e8b465ee728b)  -> (artifact id: '98c7a2a7ee1fde419549a5978f9970e1') in 0.009287 seconds
  Import took 0.011694 seconds .

========================================================================
Received Prepare
Registering precompiled user dll's ...
Registered in 0.003807 seconds.
Begin MonoManager ReloadAssembly
Native extension for WindowsStandalone target not found
Native extension for WebGL target not found
Refreshing native plugins compatible for Editor in 0.28 ms, found 0 plugins.
Preloading 0 native plugins for Editor in 0.00 ms.
Mono: successfully reloaded assembly
- Completed reload, in  0.920 seconds
Platform modules already initialized, skipping
Refreshing native plugins compatible for Editor in 0.28 ms, found 0 plugins.
Preloading 0 native plugins for Editor in 0.00 ms.
Unloading 1417 Unused Serialized files (Serialized files now loaded: 0)
System memory in use before: 70.1 MB.
System memory in use after: 70.1 MB.

Unloading 10 unused Assets to reduce memory usage. Loaded Objects now: 1911.
Total: 1.986600 ms (FindLiveObjects: 0.185400 ms CreateObjectMapping: 0.044700 ms MarkObjects: 1.703900 ms  DeleteObjects: 0.051500 ms)

========================================================================
Received Import Request.
  Time since last request: 456.996678 seconds.
  path: Assets/Prefabs/TestUnit.prefab
  artifactKey: Guid(954441ec7021dd34293a920d993c1199) Importer(815301076,1909f56bfc062723c751e8b465ee728b)
Start importing Assets/Prefabs/TestUnit.prefab using Guid(954441ec7021dd34293a920d993c1199) Importer(815301076,1909f56bfc062723c751e8b465ee728b)  -> (artifact id: 'ab33bb63e0a8b8c5aa3d6750a3008f21') in 0.063812 seconds
  Import took 0.066436 seconds .

========================================================================
Received Import Request.
  Time since last request: 11.752968 seconds.
  path: Assets/Prefabs/TestBuilding.prefab
  artifactKey: Guid(3f1a301f8b57cae478788214542ed86b) Importer(815301076,1909f56bfc062723c751e8b465ee728b)
Start importing Assets/Prefabs/TestBuilding.prefab using Guid(3f1a301f8b57cae478788214542ed86b) Importer(815301076,1909f56bfc062723c751e8b465ee728b)  -> (artifact id: 'ed47bc4371c37ce9a2a87894a3cc6d76') in 0.009482 seconds
  Import took 0.012136 seconds .

========================================================================
Received Import Request.
  Time since last request: 23.347747 seconds.
  path: Assets/Prefabs/TestBuilding.prefab
  artifactKey: Guid(3f1a301f8b57cae478788214542ed86b) Importer(815301076,1909f56bfc062723c751e8b465ee728b)
Start importing Assets/Prefabs/TestBuilding.prefab using Guid(3f1a301f8b57cae478788214542ed86b) Importer(815301076,1909f56bfc062723c751e8b465ee728b)  -> (artifact id: '1c7350cdadd09fe6d4658b52a5edd161') in 0.009430 seconds
  Import took 0.012130 seconds .

========================================================================
Received Import Request.
  Time since last request: 0.584680 seconds.
  path: Assets/Prefabs/TestBuilding.prefab
  artifactKey: Guid(3f1a301f8b57cae478788214542ed86b) Importer(815301076,1909f56bfc062723c751e8b465ee728b)
Start importing Assets/Prefabs/TestBuilding.prefab using Guid(3f1a301f8b57cae478788214542ed86b) Importer(815301076,1909f56bfc062723c751e8b465ee728b)  -> (artifact id: '225651b5bfed69aa3cefaa242f495572') in 0.010133 seconds
  Import took 0.012880 seconds .

========================================================================
Received Import Request.
  Time since last request: 2.191314 seconds.
  path: Assets/Prefabs/TestBuilding.prefab
  artifactKey: Guid(3f1a301f8b57cae478788214542ed86b) Importer(815301076,1909f56bfc062723c751e8b465ee728b)
Start importing Assets/Prefabs/TestBuilding.prefab using Guid(3f1a301f8b57cae478788214542ed86b) Importer(815301076,1909f56bfc062723c751e8b465ee728b)  -> (artifact id: 'ecb38b44aa35f839cb677b6e7aae3c87') in 0.008677 seconds
  Import took 0.011259 seconds .

========================================================================
Received Import Request.
  Time since last request: 4.427018 seconds.
  path: Assets/Prefabs/TestBuilding.prefab
  artifactKey: Guid(3f1a301f8b57cae478788214542ed86b) Importer(815301076,1909f56bfc062723c751e8b465ee728b)
Start importing Assets/Prefabs/TestBuilding.prefab using Guid(3f1a301f8b57cae478788214542ed86b) Importer(815301076,1909f56bfc062723c751e8b465ee728b)  -> (artifact id: '90bc50d3409b8fa464545c0ec0858d8f') in 0.008798 seconds
  Import took 0.011632 seconds .

========================================================================
Received Prepare
Registering precompiled user dll's ...
Registered in 0.003465 seconds.
Begin MonoManager ReloadAssembly
Native extension for WindowsStandalone target not found
Native extension for WebGL target not found
Refreshing native plugins compatible for Editor in 0.29 ms, found 0 plugins.
Preloading 0 native plugins for Editor in 0.00 ms.
Mono: successfully reloaded assembly
- Completed reload, in  1.054 seconds
Platform modules already initialized, skipping
Refreshing native plugins compatible for Editor in 0.29 ms, found 0 plugins.
Preloading 0 native plugins for Editor in 0.00 ms.
Unloading 1417 Unused Serialized files (Serialized files now loaded: 0)
System memory in use before: 70.1 MB.
System memory in use after: 70.2 MB.

Unloading 10 unused Assets to reduce memory usage. Loaded Objects now: 1915.
Total: 1.839300 ms (FindLiveObjects: 0.156200 ms CreateObjectMapping: 0.035000 ms MarkObjects: 1.594900 ms  DeleteObjects: 0.052300 ms)

========================================================================
Received Import Request.
  Time since last request: 584.022206 seconds.
  path: Assets/Scripts/Test/SimpleMoveTest.cs
  artifactKey: Guid(a2477472495767344bf7e8bde5464294) Importer(815301076,1909f56bfc062723c751e8b465ee728b)
Start importing Assets/Scripts/Test/SimpleMoveTest.cs using Guid(a2477472495767344bf7e8bde5464294) Importer(815301076,1909f56bfc062723c751e8b465ee728b)  -> (artifact id: '95d0c88d220b2df3e47adaa6210db164') in 0.011004 seconds
  Import took 0.014082 seconds .

========================================================================
Received Prepare
Registering precompiled user dll's ...
Registered in 0.003500 seconds.
Begin MonoManager ReloadAssembly
Native extension for WindowsStandalone target not found
Native extension for WebGL target not found
Refreshing native plugins compatible for Editor in 0.29 ms, found 0 plugins.
Preloading 0 native plugins for Editor in 0.00 ms.
Mono: successfully reloaded assembly
- Completed reload, in  1.024 seconds
Platform modules already initialized, skipping
Refreshing native plugins compatible for Editor in 0.29 ms, found 0 plugins.
Preloading 0 native plugins for Editor in 0.00 ms.
Unloading 1417 Unused Serialized files (Serialized files now loaded: 0)
System memory in use before: 70.1 MB.
System memory in use after: 70.2 MB.

Unloading 10 unused Assets to reduce memory usage. Loaded Objects now: 1918.
Total: 1.723900 ms (FindLiveObjects: 0.141400 ms CreateObjectMapping: 0.035600 ms MarkObjects: 1.495700 ms  DeleteObjects: 0.050200 ms)

========================================================================
Received Prepare
Registering precompiled user dll's ...
Registered in 0.003452 seconds.
Begin MonoManager ReloadAssembly
Native extension for WindowsStandalone target not found
Native extension for WebGL target not found
Refreshing native plugins compatible for Editor in 0.34 ms, found 0 plugins.
Preloading 0 native plugins for Editor in 0.00 ms.
Mono: successfully reloaded assembly
- Completed reload, in  0.904 seconds
Platform modules already initialized, skipping
Refreshing native plugins compatible for Editor in 0.43 ms, found 0 plugins.
Preloading 0 native plugins for Editor in 0.00 ms.
Unloading 1417 Unused Serialized files (Serialized files now loaded: 0)
System memory in use before: 70.1 MB.
System memory in use after: 70.2 MB.

Unloading 10 unused Assets to reduce memory usage. Loaded Objects now: 1921.
Total: 5.343000 ms (FindLiveObjects: 0.239700 ms CreateObjectMapping: 0.057300 ms MarkObjects: 4.969600 ms  DeleteObjects: 0.075000 ms)

========================================================================
Received Prepare
Registering precompiled user dll's ...
Registered in 0.003545 seconds.
Begin MonoManager ReloadAssembly
Native extension for WindowsStandalone target not found
Native extension for WebGL target not found
Refreshing native plugins compatible for Editor in 0.29 ms, found 0 plugins.
Preloading 0 native plugins for Editor in 0.00 ms.
Mono: successfully reloaded assembly
- Completed reload, in  0.991 seconds
Platform modules already initialized, skipping
Refreshing native plugins compatible for Editor in 0.30 ms, found 0 plugins.
Preloading 0 native plugins for Editor in 0.00 ms.
Unloading 1417 Unused Serialized files (Serialized files now loaded: 0)
System memory in use before: 70.1 MB.
System memory in use after: 70.2 MB.

Unloading 10 unused Assets to reduce memory usage. Loaded Objects now: 1924.
Total: 2.101100 ms (FindLiveObjects: 0.174000 ms CreateObjectMapping: 0.037900 ms MarkObjects: 1.828000 ms  DeleteObjects: 0.059900 ms)

========================================================================
Received Prepare
Registering precompiled user dll's ...
Registered in 0.007895 seconds.
Begin MonoManager ReloadAssembly
Native extension for WindowsStandalone target not found
Native extension for WebGL target not found
Refreshing native plugins compatible for Editor in 0.33 ms, found 0 plugins.
Preloading 0 native plugins for Editor in 0.00 ms.
Mono: successfully reloaded assembly
- Completed reload, in  0.904 seconds
Platform modules already initialized, skipping
Refreshing native plugins compatible for Editor in 0.28 ms, found 0 plugins.
Preloading 0 native plugins for Editor in 0.00 ms.
Unloading 1417 Unused Serialized files (Serialized files now loaded: 0)
System memory in use before: 70.1 MB.
System memory in use after: 70.2 MB.

Unloading 10 unused Assets to reduce memory usage. Loaded Objects now: 1927.
Total: 1.919600 ms (FindLiveObjects: 0.162600 ms CreateObjectMapping: 0.037400 ms MarkObjects: 1.660700 ms  DeleteObjects: 0.057500 ms)

========================================================================
Received Prepare
Registering precompiled user dll's ...
Registered in 0.003559 seconds.
Begin MonoManager ReloadAssembly
Native extension for WindowsStandalone target not found
Native extension for WebGL target not found
Refreshing native plugins compatible for Editor in 0.30 ms, found 0 plugins.
Preloading 0 native plugins for Editor in 0.00 ms.
Mono: successfully reloaded assembly
- Completed reload, in  0.956 seconds
Platform modules already initialized, skipping
Refreshing native plugins compatible for Editor in 0.29 ms, found 0 plugins.
Preloading 0 native plugins for Editor in 0.00 ms.
Unloading 1417 Unused Serialized files (Serialized files now loaded: 0)
System memory in use before: 70.1 MB.
System memory in use after: 70.2 MB.

Unloading 10 unused Assets to reduce memory usage. Loaded Objects now: 1930.
Total: 1.922600 ms (FindLiveObjects: 0.146500 ms CreateObjectMapping: 0.038100 ms MarkObjects: 1.671200 ms  DeleteObjects: 0.065600 ms)

========================================================================
Received Prepare
Registering precompiled user dll's ...
Registered in 0.029513 seconds.
Begin MonoManager ReloadAssembly
Native extension for WindowsStandalone target not found
Native extension for WebGL target not found
Refreshing native plugins compatible for Editor in 0.31 ms, found 0 plugins.
Preloading 0 native plugins for Editor in 0.00 ms.
Mono: successfully reloaded assembly
- Completed reload, in  0.994 seconds
Platform modules already initialized, skipping
Refreshing native plugins compatible for Editor in 0.29 ms, found 0 plugins.
Preloading 0 native plugins for Editor in 0.00 ms.
Unloading 1417 Unused Serialized files (Serialized files now loaded: 0)
System memory in use before: 70.2 MB.
System memory in use after: 70.2 MB.

Unloading 10 unused Assets to reduce memory usage. Loaded Objects now: 1933.
Total: 1.898700 ms (FindLiveObjects: 0.170800 ms CreateObjectMapping: 0.035100 ms MarkObjects: 1.631600 ms  DeleteObjects: 0.059600 ms)

========================================================================
Received Prepare
Registering precompiled user dll's ...
Registered in 0.004496 seconds.
Begin MonoManager ReloadAssembly
Native extension for WindowsStandalone target not found
Native extension for WebGL target not found
Refreshing native plugins compatible for Editor in 0.37 ms, found 0 plugins.
Preloading 0 native plugins for Editor in 0.00 ms.
Mono: successfully reloaded assembly
- Completed reload, in  0.961 seconds
Platform modules already initialized, skipping
Refreshing native plugins compatible for Editor in 0.30 ms, found 0 plugins.
Preloading 0 native plugins for Editor in 0.00 ms.
Unloading 1417 Unused Serialized files (Serialized files now loaded: 0)
System memory in use before: 70.2 MB.
System memory in use after: 70.2 MB.

Unloading 10 unused Assets to reduce memory usage. Loaded Objects now: 1936.
Total: 1.949900 ms (FindLiveObjects: 0.167700 ms CreateObjectMapping: 0.036000 ms MarkObjects: 1.688200 ms  DeleteObjects: 0.056700 ms)

========================================================================
Received Prepare
Registering precompiled user dll's ...
Registered in 0.009600 seconds.
Begin MonoManager ReloadAssembly
Native extension for WindowsStandalone target not found
Native extension for WebGL target not found
Refreshing native plugins compatible for Editor in 0.30 ms, found 0 plugins.
Preloading 0 native plugins for Editor in 0.00 ms.
Mono: successfully reloaded assembly
- Completed reload, in  0.957 seconds
Platform modules already initialized, skipping
Refreshing native plugins compatible for Editor in 0.36 ms, found 0 plugins.
Preloading 0 native plugins for Editor in 0.00 ms.
Unloading 1417 Unused Serialized files (Serialized files now loaded: 0)
System memory in use before: 70.2 MB.
System memory in use after: 70.2 MB.

Unloading 10 unused Assets to reduce memory usage. Loaded Objects now: 1939.
Total: 1.923900 ms (FindLiveObjects: 0.169400 ms CreateObjectMapping: 0.036600 ms MarkObjects: 1.661800 ms  DeleteObjects: 0.054600 ms)

========================================================================
Received Prepare
Registering precompiled user dll's ...
Registered in 0.008042 seconds.
Begin MonoManager ReloadAssembly
Native extension for WindowsStandalone target not found
Native extension for WebGL target not found
Refreshing native plugins compatible for Editor in 0.30 ms, found 0 plugins.
Preloading 0 native plugins for Editor in 0.00 ms.
Mono: successfully reloaded assembly
- Completed reload, in  0.954 seconds
Platform modules already initialized, skipping
Refreshing native plugins compatible for Editor in 0.29 ms, found 0 plugins.
Preloading 0 native plugins for Editor in 0.00 ms.
Unloading 1417 Unused Serialized files (Serialized files now loaded: 0)
System memory in use before: 70.2 MB.
System memory in use after: 70.2 MB.

Unloading 10 unused Assets to reduce memory usage. Loaded Objects now: 1942.
Total: 1.849500 ms (FindLiveObjects: 0.155800 ms CreateObjectMapping: 0.037100 ms MarkObjects: 1.599900 ms  DeleteObjects: 0.055400 ms)

========================================================================
Received Import Request.
  Time since last request: 1502.158177 seconds.
  path: Assets/Prefabs/TestUnit.prefab
  artifactKey: Guid(954441ec7021dd34293a920d993c1199) Importer(815301076,1909f56bfc062723c751e8b465ee728b)
Start importing Assets/Prefabs/TestUnit.prefab using Guid(954441ec7021dd34293a920d993c1199) Importer(815301076,1909f56bfc062723c751e8b465ee728b)  -> (artifact id: 'f6d618724de77bc31a685e9563dc224f') in 0.196912 seconds
  Import took 0.200090 seconds .

========================================================================
Received Import Request.
  Time since last request: 14.486750 seconds.
  path: Assets/Prefabs/RTSCamera.prefab
  artifactKey: Guid(c16e6e5193a2d264098b3e648aab4439) Importer(815301076,1909f56bfc062723c751e8b465ee728b)
Start importing Assets/Prefabs/RTSCamera.prefab using Guid(c16e6e5193a2d264098b3e648aab4439) Importer(815301076,1909f56bfc062723c751e8b465ee728b)  -> (artifact id: 'e68c036c3e292abc247eafd5e62b5a17') in 0.010251 seconds
  Import took 0.013877 seconds .

========================================================================
Received Import Request.
  Time since last request: 1.886348 seconds.
  path: Assets/Prefabs/RTSCamera.prefab
  artifactKey: Guid(c16e6e5193a2d264098b3e648aab4439) Importer(815301076,1909f56bfc062723c751e8b465ee728b)
Start importing Assets/Prefabs/RTSCamera.prefab using Guid(c16e6e5193a2d264098b3e648aab4439) Importer(815301076,1909f56bfc062723c751e8b465ee728b)  -> (artifact id: '3a0e2f8cef5e052edda52bb467008c99') in 0.005072 seconds
  Import took 0.008510 seconds .

========================================================================
Received Import Request.
  Time since last request: 1.942599 seconds.
  path: Assets/Prefabs/RTSCamera.prefab
  artifactKey: Guid(c16e6e5193a2d264098b3e648aab4439) Importer(815301076,1909f56bfc062723c751e8b465ee728b)
Start importing Assets/Prefabs/RTSCamera.prefab using Guid(c16e6e5193a2d264098b3e648aab4439) Importer(815301076,1909f56bfc062723c751e8b465ee728b)  -> (artifact id: '34d172d75867a98025aef17d93de1fcc') in 0.011148 seconds
  Import took 0.016997 seconds .

========================================================================
Received Prepare
Registering precompiled user dll's ...
Registered in 0.003526 seconds.
Begin MonoManager ReloadAssembly
Native extension for WindowsStandalone target not found
Native extension for WebGL target not found
Refreshing native plugins compatible for Editor in 0.27 ms, found 0 plugins.
Preloading 0 native plugins for Editor in 0.00 ms.
Mono: successfully reloaded assembly
- Completed reload, in  0.916 seconds
Platform modules already initialized, skipping
Refreshing native plugins compatible for Editor in 0.28 ms, found 0 plugins.
Preloading 0 native plugins for Editor in 0.00 ms.
Unloading 1417 Unused Serialized files (Serialized files now loaded: 0)
System memory in use before: 70.2 MB.
System memory in use after: 70.3 MB.

Unloading 10 unused Assets to reduce memory usage. Loaded Objects now: 1946.
Total: 1.984500 ms (FindLiveObjects: 0.158400 ms CreateObjectMapping: 0.034800 ms MarkObjects: 1.734800 ms  DeleteObjects: 0.055400 ms)

========================================================================
Received Prepare
Registering precompiled user dll's ...
Registered in 0.003530 seconds.
Begin MonoManager ReloadAssembly
Native extension for WindowsStandalone target not found
Native extension for WebGL target not found
Refreshing native plugins compatible for Editor in 0.28 ms, found 0 plugins.
Preloading 0 native plugins for Editor in 0.00 ms.
Mono: successfully reloaded assembly
- Completed reload, in  1.003 seconds
Platform modules already initialized, skipping
Refreshing native plugins compatible for Editor in 0.29 ms, found 0 plugins.
Preloading 0 native plugins for Editor in 0.00 ms.
Unloading 1417 Unused Serialized files (Serialized files now loaded: 0)
System memory in use before: 70.2 MB.
System memory in use after: 70.3 MB.

Unloading 10 unused Assets to reduce memory usage. Loaded Objects now: 1949.
Total: 1.950800 ms (FindLiveObjects: 0.170600 ms CreateObjectMapping: 0.034600 ms MarkObjects: 1.685000 ms  DeleteObjects: 0.059600 ms)

========================================================================
Received Prepare
Registering precompiled user dll's ...
Registered in 0.006890 seconds.
Begin MonoManager ReloadAssembly
Native extension for WindowsStandalone target not found
Native extension for WebGL target not found
Refreshing native plugins compatible for Editor in 0.28 ms, found 0 plugins.
Preloading 0 native plugins for Editor in 0.00 ms.
Mono: successfully reloaded assembly
- Completed reload, in  0.918 seconds
Platform modules already initialized, skipping
Refreshing native plugins compatible for Editor in 0.29 ms, found 0 plugins.
Preloading 0 native plugins for Editor in 0.00 ms.
Unloading 1417 Unused Serialized files (Serialized files now loaded: 0)
System memory in use before: 70.2 MB.
System memory in use after: 70.3 MB.

Unloading 10 unused Assets to reduce memory usage. Loaded Objects now: 1952.
Total: 1.801500 ms (FindLiveObjects: 0.147300 ms CreateObjectMapping: 0.037900 ms MarkObjects: 1.563900 ms  DeleteObjects: 0.051400 ms)

========================================================================
Received Prepare
Registering precompiled user dll's ...
Registered in 0.004024 seconds.
Begin MonoManager ReloadAssembly
Native extension for WindowsStandalone target not found
Native extension for WebGL target not found
Refreshing native plugins compatible for Editor in 0.27 ms, found 0 plugins.
Preloading 0 native plugins for Editor in 0.00 ms.
Mono: successfully reloaded assembly
- Completed reload, in  1.072 seconds
Platform modules already initialized, skipping
Refreshing native plugins compatible for Editor in 0.28 ms, found 0 plugins.
Preloading 0 native plugins for Editor in 0.00 ms.
Unloading 1418 Unused Serialized files (Serialized files now loaded: 0)
System memory in use before: 70.2 MB.
System memory in use after: 70.3 MB.

Unloading 10 unused Assets to reduce memory usage. Loaded Objects now: 1956.
Total: 1.845200 ms (FindLiveObjects: 0.158300 ms CreateObjectMapping: 0.035100 ms MarkObjects: 1.599100 ms  DeleteObjects: 0.051900 ms)

========================================================================
Received Prepare
Registering precompiled user dll's ...
Registered in 0.003688 seconds.
Begin MonoManager ReloadAssembly
Native extension for WindowsStandalone target not found
Native extension for WebGL target not found
Refreshing native plugins compatible for Editor in 0.30 ms, found 0 plugins.
Preloading 0 native plugins for Editor in 0.00 ms.
Mono: successfully reloaded assembly
- Completed reload, in  1.078 seconds
Platform modules already initialized, skipping
Refreshing native plugins compatible for Editor in 0.32 ms, found 0 plugins.
Preloading 0 native plugins for Editor in 0.00 ms.
Unloading 1418 Unused Serialized files (Serialized files now loaded: 0)
System memory in use before: 70.2 MB.
System memory in use after: 70.3 MB.

Unloading 10 unused Assets to reduce memory usage. Loaded Objects now: 1959.
Total: 1.909200 ms (FindLiveObjects: 0.185300 ms CreateObjectMapping: 0.036000 ms MarkObjects: 1.626900 ms  DeleteObjects: 0.059400 ms)

========================================================================
Received Import Request.
  Time since last request: 379.579968 seconds.
  path: Assets/Scripts/BuildingOwner.cs
  artifactKey: Guid(02f1ac1372adce94c8b062a74e754f42) Importer(815301076,1909f56bfc062723c751e8b465ee728b)
Start importing Assets/Scripts/BuildingOwner.cs using Guid(02f1ac1372adce94c8b062a74e754f42) Importer(815301076,1909f56bfc062723c751e8b465ee728b)  -> (artifact id: '668e52aba1f078739b8595b358b34ae0') in 0.005803 seconds
  Import took 0.008189 seconds .

========================================================================
Received Prepare
Registering precompiled user dll's ...
Registered in 0.003522 seconds.
Begin MonoManager ReloadAssembly
Native extension for WindowsStandalone target not found
Native extension for WebGL target not found
Refreshing native plugins compatible for Editor in 0.29 ms, found 0 plugins.
Preloading 0 native plugins for Editor in 0.00 ms.
Mono: successfully reloaded assembly
- Completed reload, in  1.088 seconds
Platform modules already initialized, skipping
Refreshing native plugins compatible for Editor in 0.29 ms, found 0 plugins.
Preloading 0 native plugins for Editor in 0.00 ms.
Unloading 1418 Unused Serialized files (Serialized files now loaded: 0)
System memory in use before: 70.2 MB.
System memory in use after: 70.3 MB.

Unloading 10 unused Assets to reduce memory usage. Loaded Objects now: 1962.
Total: 1.855500 ms (FindLiveObjects: 0.145900 ms CreateObjectMapping: 0.036500 ms MarkObjects: 1.618900 ms  DeleteObjects: 0.053000 ms)

========================================================================
Received Import Request.
  Time since last request: 59.342807 seconds.
  path: Assets/Scripts/BuildingOwner.cs
  artifactKey: Guid(02f1ac1372adce94c8b062a74e754f42) Importer(815301076,1909f56bfc062723c751e8b465ee728b)
Start importing Assets/Scripts/BuildingOwner.cs using Guid(02f1ac1372adce94c8b062a74e754f42) Importer(815301076,1909f56bfc062723c751e8b465ee728b)  -> (artifact id: '526f2b957f31aa71d3a88a98a91615e5') in 0.005165 seconds
  Import took 0.007446 seconds .

========================================================================
Received Prepare
Registering precompiled user dll's ...
Registered in 0.004687 seconds.
Begin MonoManager ReloadAssembly
Native extension for WindowsStandalone target not found
Native extension for WebGL target not found
Refreshing native plugins compatible for Editor in 0.28 ms, found 0 plugins.
Preloading 0 native plugins for Editor in 0.00 ms.
Mono: successfully reloaded assembly
- Completed reload, in  0.918 seconds
Platform modules already initialized, skipping
Refreshing native plugins compatible for Editor in 0.31 ms, found 0 plugins.
Preloading 0 native plugins for Editor in 0.00 ms.
Unloading 1418 Unused Serialized files (Serialized files now loaded: 0)
System memory in use before: 70.2 MB.
System memory in use after: 70.3 MB.

Unloading 10 unused Assets to reduce memory usage. Loaded Objects now: 1965.
Total: 1.910400 ms (FindLiveObjects: 0.171200 ms CreateObjectMapping: 0.035400 ms MarkObjects: 1.647700 ms  DeleteObjects: 0.055100 ms)

========================================================================
Received Prepare
Registering precompiled user dll's ...
Registered in 0.004252 seconds.
Begin MonoManager ReloadAssembly
Native extension for WindowsStandalone target not found
Native extension for WebGL target not found
Refreshing native plugins compatible for Editor in 0.56 ms, found 0 plugins.
Preloading 0 native plugins for Editor in 0.00 ms.
Mono: successfully reloaded assembly
- Completed reload, in  1.133 seconds
Platform modules already initialized, skipping
Refreshing native plugins compatible for Editor in 0.39 ms, found 0 plugins.
Preloading 0 native plugins for Editor in 0.00 ms.
Unloading 1418 Unused Serialized files (Serialized files now loaded: 0)
System memory in use before: 70.2 MB.
System memory in use after: 70.3 MB.

Unloading 10 unused Assets to reduce memory usage. Loaded Objects now: 1968.
Total: 2.868200 ms (FindLiveObjects: 0.316500 ms CreateObjectMapping: 0.062200 ms MarkObjects: 2.421200 ms  DeleteObjects: 0.066000 ms)

========================================================================
Received Prepare
Registering precompiled user dll's ...
Registered in 0.003736 seconds.
Begin MonoManager ReloadAssembly
Native extension for WindowsStandalone target not found
Native extension for WebGL target not found
Refreshing native plugins compatible for Editor in 0.29 ms, found 0 plugins.
Preloading 0 native plugins for Editor in 0.00 ms.
Mono: successfully reloaded assembly
- Completed reload, in  1.002 seconds
Platform modules already initialized, skipping
Refreshing native plugins compatible for Editor in 0.29 ms, found 0 plugins.
Preloading 0 native plugins for Editor in 0.00 ms.
Unloading 1418 Unused Serialized files (Serialized files now loaded: 0)
System memory in use before: 70.2 MB.
System memory in use after: 70.3 MB.

Unloading 10 unused Assets to reduce memory usage. Loaded Objects now: 1971.
Total: 1.746300 ms (FindLiveObjects: 0.153400 ms CreateObjectMapping: 0.036700 ms MarkObjects: 1.505900 ms  DeleteObjects: 0.049300 ms)

========================================================================
Received Prepare
Registering precompiled user dll's ...
Registered in 0.003592 seconds.
Begin MonoManager ReloadAssembly
Native extension for WindowsStandalone target not found
Native extension for WebGL target not found
Refreshing native plugins compatible for Editor in 0.41 ms, found 0 plugins.
Preloading 0 native plugins for Editor in 0.00 ms.
Mono: successfully reloaded assembly
- Completed reload, in  1.298 seconds
Platform modules already initialized, skipping
Refreshing native plugins compatible for Editor in 0.38 ms, found 0 plugins.
Preloading 0 native plugins for Editor in 0.00 ms.
Unloading 1418 Unused Serialized files (Serialized files now loaded: 0)
System memory in use before: 70.2 MB.
System memory in use after: 70.3 MB.

Unloading 10 unused Assets to reduce memory usage. Loaded Objects now: 1974.
Total: 2.545000 ms (FindLiveObjects: 0.213800 ms CreateObjectMapping: 0.046500 ms MarkObjects: 2.204900 ms  DeleteObjects: 0.078000 ms)

========================================================================
Received Prepare
Registering precompiled user dll's ...
Registered in 0.003727 seconds.
Begin MonoManager ReloadAssembly
Native extension for WindowsStandalone target not found
Native extension for WebGL target not found
Refreshing native plugins compatible for Editor in 0.27 ms, found 0 plugins.
Preloading 0 native plugins for Editor in 0.00 ms.
Mono: successfully reloaded assembly
- Completed reload, in  0.929 seconds
Platform modules already initialized, skipping
Refreshing native plugins compatible for Editor in 0.30 ms, found 0 plugins.
Preloading 0 native plugins for Editor in 0.00 ms.
Unloading 1418 Unused Serialized files (Serialized files now loaded: 0)
System memory in use before: 70.2 MB.
System memory in use after: 70.3 MB.

Unloading 10 unused Assets to reduce memory usage. Loaded Objects now: 1977.
Total: 1.984400 ms (FindLiveObjects: 0.179200 ms CreateObjectMapping: 0.038100 ms MarkObjects: 1.705900 ms  DeleteObjects: 0.059800 ms)

========================================================================
Received Prepare
Registering precompiled user dll's ...
Registered in 0.003606 seconds.
Begin MonoManager ReloadAssembly
Native extension for WindowsStandalone target not found
Native extension for WebGL target not found
Refreshing native plugins compatible for Editor in 0.34 ms, found 0 plugins.
Preloading 0 native plugins for Editor in 0.00 ms.
Mono: successfully reloaded assembly
- Completed reload, in  1.219 seconds
Platform modules already initialized, skipping
Refreshing native plugins compatible for Editor in 0.40 ms, found 0 plugins.
Preloading 0 native plugins for Editor in 0.00 ms.
Unloading 1418 Unused Serialized files (Serialized files now loaded: 0)
System memory in use before: 70.2 MB.
System memory in use after: 70.3 MB.

Unloading 10 unused Assets to reduce memory usage. Loaded Objects now: 1980.
Total: 2.547600 ms (FindLiveObjects: 0.305400 ms CreateObjectMapping: 0.134500 ms MarkObjects: 2.036900 ms  DeleteObjects: 0.069000 ms)

========================================================================
Received Prepare
Registering precompiled user dll's ...
Registered in 0.003526 seconds.
Begin MonoManager ReloadAssembly
Native extension for WindowsStandalone target not found
Native extension for WebGL target not found
Refreshing native plugins compatible for Editor in 0.36 ms, found 0 plugins.
Preloading 0 native plugins for Editor in 0.00 ms.
Mono: successfully reloaded assembly
- Completed reload, in  1.013 seconds
Platform modules already initialized, skipping
Refreshing native plugins compatible for Editor in 0.28 ms, found 0 plugins.
Preloading 0 native plugins for Editor in 0.00 ms.
Unloading 1418 Unused Serialized files (Serialized files now loaded: 0)
System memory in use before: 70.3 MB.
System memory in use after: 70.3 MB.

Unloading 10 unused Assets to reduce memory usage. Loaded Objects now: 1983.
Total: 1.783900 ms (FindLiveObjects: 0.145100 ms CreateObjectMapping: 0.036800 ms MarkObjects: 1.551200 ms  DeleteObjects: 0.049700 ms)

========================================================================
Received Prepare
Registering precompiled user dll's ...
Registered in 0.004038 seconds.
Begin MonoManager ReloadAssembly
Native extension for WindowsStandalone target not found
Native extension for WebGL target not found
Refreshing native plugins compatible for Editor in 0.34 ms, found 0 plugins.
Preloading 0 native plugins for Editor in 0.00 ms.
Mono: successfully reloaded assembly
- Completed reload, in  1.259 seconds
Platform modules already initialized, skipping
Refreshing native plugins compatible for Editor in 0.52 ms, found 0 plugins.
Preloading 0 native plugins for Editor in 0.00 ms.
Unloading 1418 Unused Serialized files (Serialized files now loaded: 0)
System memory in use before: 70.3 MB.
System memory in use after: 70.3 MB.

Unloading 10 unused Assets to reduce memory usage. Loaded Objects now: 1986.
Total: 2.831900 ms (FindLiveObjects: 0.193600 ms CreateObjectMapping: 0.037800 ms MarkObjects: 2.528100 ms  DeleteObjects: 0.070300 ms)

========================================================================
Received Prepare
Registering precompiled user dll's ...
Registered in 0.003770 seconds.
Begin MonoManager ReloadAssembly
Native extension for WindowsStandalone target not found
Native extension for WebGL target not found
Refreshing native plugins compatible for Editor in 1.61 ms, found 0 plugins.
Preloading 0 native plugins for Editor in 0.00 ms.
Mono: successfully reloaded assembly
- Completed reload, in  1.070 seconds
Platform modules already initialized, skipping
Refreshing native plugins compatible for Editor in 0.29 ms, found 0 plugins.
Preloading 0 native plugins for Editor in 0.00 ms.
Unloading 1418 Unused Serialized files (Serialized files now loaded: 0)
System memory in use before: 70.3 MB.
System memory in use after: 70.3 MB.

Unloading 10 unused Assets to reduce memory usage. Loaded Objects now: 1989.
Total: 1.835500 ms (FindLiveObjects: 0.173600 ms CreateObjectMapping: 0.036400 ms MarkObjects: 1.566600 ms  DeleteObjects: 0.057800 ms)

========================================================================
Received Prepare
Registering precompiled user dll's ...
Registered in 0.003790 seconds.
Begin MonoManager ReloadAssembly
Native extension for WindowsStandalone target not found
Native extension for WebGL target not found
Refreshing native plugins compatible for Editor in 0.32 ms, found 0 plugins.
Preloading 0 native plugins for Editor in 0.00 ms.
Mono: successfully reloaded assembly
- Completed reload, in  1.050 seconds
Platform modules already initialized, skipping
Refreshing native plugins compatible for Editor in 0.41 ms, found 0 plugins.
Preloading 0 native plugins for Editor in 0.00 ms.
Unloading 1418 Unused Serialized files (Serialized files now loaded: 0)
System memory in use before: 70.3 MB.
System memory in use after: 70.3 MB.

Unloading 10 unused Assets to reduce memory usage. Loaded Objects now: 1992.
Total: 3.225100 ms (FindLiveObjects: 0.285600 ms CreateObjectMapping: 0.062500 ms MarkObjects: 2.805400 ms  DeleteObjects: 0.069400 ms)

========================================================================
Received Prepare
Registering precompiled user dll's ...
Registered in 0.003888 seconds.
Begin MonoManager ReloadAssembly
Native extension for WindowsStandalone target not found
Native extension for WebGL target not found
Refreshing native plugins compatible for Editor in 0.38 ms, found 0 plugins.
Preloading 0 native plugins for Editor in 0.00 ms.
Mono: successfully reloaded assembly
- Completed reload, in  1.025 seconds
Platform modules already initialized, skipping
Refreshing native plugins compatible for Editor in 0.28 ms, found 0 plugins.
Preloading 0 native plugins for Editor in 0.00 ms.
Unloading 1418 Unused Serialized files (Serialized files now loaded: 0)
System memory in use before: 70.3 MB.
System memory in use after: 70.4 MB.

Unloading 10 unused Assets to reduce memory usage. Loaded Objects now: 1995.
Total: 1.799700 ms (FindLiveObjects: 0.190000 ms CreateObjectMapping: 0.037500 ms MarkObjects: 1.519300 ms  DeleteObjects: 0.051900 ms)

AssetImportWorkerClient::OnTransportError - code=2 error=End of file
